PLINK v1.90b7 64-bit (16 Jan 2023)
Options in effect:
  --allow-no-sex
  --bfile /cellar/users/i5lee/G2PT_github_new/samples/synthetic_train
  --covar /cellar/users/i5lee/G2PT_github_new/samples/synthetic_train.cov
  --covar-name SEX,AGE,AGE2,PC1,PC2,PC3,PC4,PC5,PC6,PC7,PC8,PC9,PC10
  --linear
  --out /cellar/users/i5lee/G2PT_github_new/samples/plink_score_tmp/gwas_train
  --pheno /cellar/users/i5lee/G2PT_github_new/samples/synthetic_train.pheno
  --pheno-name PHENOTYPE

Hostname: nrnb-gpu-04
Working directory: /cellar/users/i5lee/G2PT_github_new/samples
Start time: Mon Mar 30 17:27:00 2026

Random number seed: 1774916820
385555 MB RAM detected; reserving 192777 MB for main workspace.
293 variants loaded from .bim file.
1000 people (0 males, 0 females, 1000 ambiguous) loaded from .fam.
Ambiguous sex IDs written to
/cellar/users/i5lee/G2PT_github_new/samples/plink_score_tmp/gwas_train.nosex .
1000 phenotype values present after --pheno.
Using 1 thread (no multithreaded calculations invoked).
--covar: 13 covariates loaded.
Before main variant filters, 1000 founders and 0 nonfounders present.
Calculating allele frequencies... done.
Total genotyping rate is exactly 1.
293 variants and 1000 people pass filters and QC.
Phenotype data is quantitative.
Writing linear model association results to
/cellar/users/i5lee/G2PT_github_new/samples/plink_score_tmp/gwas_train.assoc.linear
... done.

End time: Mon Mar 30 17:27:01 2026
